<?xml version="1.0" encoding="UTF-8"?>
<!-- Generated by org.testng.reporters.JUnitReportReporter -->
<testsuite hostname="LAPTOP-41UCB964" failures="2" tests="2" name="parallel.runner" time="19.259" errors="0" timestamp="2021-12-07T13:13:55 IST" skipped="0">
  <testcase classname="parallel.runner" name="runScenario" time="9.621">
    <failure message="expected [login] but found [Google]" type="java.lang.AssertionError">
      <![CDATA[java.lang.AssertionError: expected [login] but found [Google]
at org.testng.Assert.fail(Assert.java:99)
at org.testng.Assert.failNotEquals(Assert.java:1037)
at org.testng.Assert.assertEqualsImpl(Assert.java:140)
at org.testng.Assert.assertEquals(Assert.java:122)
at org.testng.Assert.assertEquals(Assert.java:629)
at org.testng.Assert.assertEquals(Assert.java:639)
at com.page.loginpage.verifytitle(loginpage.java:28)
at parallel.loginstepdef.and_some_cond(loginstepdef.java:21)
at ✽.some other precondition(file:///C:/Users/kumar/Practiceworkspace/CucumberProject/src/test/resources/parallel/login.feature:8)
]]>
    </failure>
  </testcase> <!-- runScenario -->
  <system-out/>
  <testcase classname="parallel.runner" name="runScenario" time="9.638">
    <failure message="expected [login] but found [Google]" type="java.lang.AssertionError">
      <![CDATA[java.lang.AssertionError: expected [login] but found [Google]
at org.testng.Assert.fail(Assert.java:99)
at org.testng.Assert.failNotEquals(Assert.java:1037)
at org.testng.Assert.assertEqualsImpl(Assert.java:140)
at org.testng.Assert.assertEquals(Assert.java:122)
at org.testng.Assert.assertEquals(Assert.java:629)
at org.testng.Assert.assertEquals(Assert.java:639)
at com.page.loginpage.verifytitle(loginpage.java:28)
at parallel.loginstepdef.and_some_cond(loginstepdef.java:21)
at ✽.some other precondition(file:///C:/Users/kumar/Practiceworkspace/CucumberProject/src/test/resources/parallel/login.feature:13)
]]>
    </failure>
  </testcase> <!-- runScenario -->
  <system-out/>
</testsuite> <!-- parallel.runner -->
